<?xml version="1.0" encoding="UTF-8"?>
<!-- Generated by org.testng.reporters.JUnitReportReporter -->
<testsuite hostname="DESKTOP-TIC5DM4" failures="0" tests="7" name="Steps.ParallelRun" time="238.201" errors="0" timestamp="2024-08-21T11:19:43 IST" skipped="0">
  <testcase classname="Steps.ParallelRun" name="runScenario" time="28.911"/>
  <testcase classname="Steps.ParallelRun" name="runScenario" time="38.044"/>
  <testcase classname="Steps.ParallelRun" name="runScenario" time="26.567"/>
  <testcase classname="Steps.ParallelRun" name="runScenario" time="34.791"/>
  <testcase classname="Steps.ParallelRun" name="runScenario" time="27.054"/>
  <testcase classname="Steps.ParallelRun" name="runScenario" time="40.849"/>
  <testcase classname="Steps.ParallelRun" name="runScenario" time="41.985"/>
</testsuite> <!-- Steps.ParallelRun -->
