<?xml version="1.0" encoding="UTF-8"?>
<!-- Generated by org.testng.reporters.JUnitReportReporter -->
<testsuite hostname="DESKTOP-TIC5DM4" failures="0" tests="7" name="testrunners.TestNgRunner" time="153.851" errors="0" timestamp="2024-08-21T14:02:24 IST" skipped="0">
  <testcase classname="testrunners.TestNgRunner" name="runScenario" time="27.591"/>
  <testcase classname="testrunners.TestNgRunner" name="runScenario" time="13.938"/>
  <testcase classname="testrunners.TestNgRunner" name="runScenario" time="28.340"/>
  <testcase classname="testrunners.TestNgRunner" name="runScenario" time="27.204"/>
  <testcase classname="testrunners.TestNgRunner" name="runScenario" time="12.427"/>
  <testcase classname="testrunners.TestNgRunner" name="runScenario" time="29.418"/>
  <testcase classname="testrunners.TestNgRunner" name="runScenario" time="14.933"/>
</testsuite> <!-- testrunners.TestNgRunner -->
